<?xml version="1.0" encoding="UTF-8"?>
<!-- Generated by org.testng.reporters.JUnitXMLReporter -->
<testsuite hostname="C02J31GBDRV9" name="Test" tests="2" failures="1" timestamp="16 Jul 2020 13:29:47 GMT" time="17.943" errors="0">
  <testcase name="testing_01" time="0.515" classname="listeners.ITestCase1"/>
  <testcase name="enterRegData" time="11.144" classname="pageActions.TC_001_Login">
    <failure type="java.lang.AssertionError" message="null">
      <![CDATA[java.lang.AssertionError: null
	at pageActions.LoginPage.enterPassword(LoginPage.java:56)
	at pageActions.TC_001_Login.enterRegData(TC_001_Login.java:14)
	at java.util.concurrent.ThreadPoolExecutor.runWorker(ThreadPoolExecutor.java:1149)
	at java.util.concurrent.ThreadPoolExecutor$Worker.run(ThreadPoolExecutor.java:624)
	at java.lang.Thread.run(Thread.java:748)
... Removed 12 stack frames]]>
    </failure>
  </testcase> <!-- enterRegData -->
</testsuite> <!-- Test -->
