<?xml version="1.0" encoding="UTF-8"?>
<testng-results skipped="0" failed="0" total="2" passed="2">
  <reporter-output>
  </reporter-output>
  <suite name="Default suite" duration-ms="19718" started-at="2020-07-17T11:10:18Z" finished-at="2020-07-17T11:10:38Z">
    <groups>
    </groups>
    <test name="Default test" duration-ms="19718" started-at="2020-07-17T11:10:18Z" finished-at="2020-07-17T11:10:38Z">
      <class name="listeners.WindowHandles">
        <test-method status="PASS" signature="initiatBrowser()[pri:0, instance:listeners.WindowHandles@4cdbe50f]" name="initiatBrowser" is-config="true" duration-ms="5400" started-at="2020-07-17T16:40:18Z" finished-at="2020-07-17T16:40:23Z">
          <reporter-output>
          </reporter-output>
        </test-method> <!-- initiatBrowser -->
        <test-method status="PASS" signature="window()[pri:0, instance:listeners.WindowHandles@4cdbe50f]" name="window" duration-ms="3011" started-at="2020-07-17T16:40:23Z" finished-at="2020-07-17T16:40:26Z">
          <reporter-output>
          </reporter-output>
        </test-method> <!-- window -->
        <test-method status="PASS" signature="closeBrowser()[pri:0, instance:listeners.WindowHandles@4cdbe50f]" name="closeBrowser" is-config="true" duration-ms="136" started-at="2020-07-17T16:40:26Z" finished-at="2020-07-17T16:40:27Z">
          <reporter-output>
          </reporter-output>
        </test-method> <!-- closeBrowser -->
        <test-method status="PASS" signature="initiatBrowser()[pri:0, instance:listeners.WindowHandles@4cdbe50f]" name="initiatBrowser" is-config="true" duration-ms="5067" started-at="2020-07-17T16:40:27Z" finished-at="2020-07-17T16:40:32Z">
          <reporter-output>
          </reporter-output>
        </test-method> <!-- initiatBrowser -->
        <test-method status="PASS" signature="windows()[pri:0, instance:listeners.WindowHandles@4cdbe50f]" name="windows" duration-ms="5887" started-at="2020-07-17T16:40:32Z" finished-at="2020-07-17T16:40:38Z">
          <reporter-output>
          </reporter-output>
        </test-method> <!-- windows -->
        <test-method status="PASS" signature="closeBrowser()[pri:0, instance:listeners.WindowHandles@4cdbe50f]" name="closeBrowser" is-config="true" duration-ms="191" started-at="2020-07-17T16:40:38Z" finished-at="2020-07-17T16:40:38Z">
          <reporter-output>
          </reporter-output>
        </test-method> <!-- closeBrowser -->
      </class> <!-- listeners.WindowHandles -->
    </test> <!-- Default test -->
  </suite> <!-- Default suite -->
</testng-results>
